[    20.691] (WW) Failed to open protocol names file lib/xorg/protocol.txt
[    20.692] 
X.Org X Server 1.20.5
X Protocol Version 11, Revision 0
[    20.692] Build Operating System: Linux Arch Linux
[    20.692] Current Operating System: Linux arch 5.3.1-arch1-1-ARCH #1 SMP PREEMPT Sat Sep 21 11:33:49 UTC 2019 x86_64
[    20.692] Kernel command line: BOOT_IMAGE=/vmlinuz-linux root=UUID=0e5d4e50-34d6-4ca9-a68a-988de7d8678b rw loglevel=3 quiet
[    20.692] Build Date: 30 June 2019  09:52:01AM
[    20.692]  
[    20.692] Current version of pixman: 0.38.4
[    20.693] 	Before reporting problems, check http://wiki.x.org
	to make sure that you have the latest version.
[    20.693] Markers: (--) probed, (**) from config file, (==) default setting,
	(++) from command line, (!!) notice, (II) informational,
	(WW) warning, (EE) error, (NI) not implemented, (??) unknown.
[    20.693] (==) Log file: "/home/hippi/.local/share/xorg/Xorg.0.log", Time: Mon Oct 28 13:01:53 2019
[    20.694] (==) Using system config directory "/usr/share/X11/xorg.conf.d"
[    20.694] (==) No Layout section.  Using the first Screen section.
[    20.694] (==) No screen section available. Using defaults.
[    20.694] (**) |-->Screen "Default Screen Section" (0)
[    20.694] (**) |   |-->Monitor "<default monitor>"
[    20.695] (==) No monitor specified for screen "Default Screen Section".
	Using a default monitor configuration.
[    20.695] (==) Automatically adding devices
[    20.695] (==) Automatically enabling devices
[    20.695] (==) Automatically adding GPU devices
[    20.695] (==) Automatically binding GPU devices
[    20.695] (==) Max clients allowed: 256, resource mask: 0x1fffff
[    20.695] (WW) The directory "/usr/share/fonts/misc" does not exist.
[    20.695] 	Entry deleted from font path.
[    20.695] (WW) The directory "/usr/share/fonts/OTF" does not exist.
[    20.695] 	Entry deleted from font path.
[    20.695] (WW) The directory "/usr/share/fonts/Type1" does not exist.
[    20.695] 	Entry deleted from font path.
[    20.695] (WW) The directory "/usr/share/fonts/100dpi" does not exist.
[    20.695] 	Entry deleted from font path.
[    20.695] (WW) The directory "/usr/share/fonts/75dpi" does not exist.
[    20.695] 	Entry deleted from font path.
[    20.695] (==) FontPath set to:
	/usr/share/fonts/TTF
[    20.695] (==) ModulePath set to "/usr/lib/xorg/modules"
[    20.695] (II) The server relies on udev to provide the list of input devices.
	If no devices become available, reconfigure udev or disable AutoAddDevices.
[    20.695] (II) Module ABI versions:
[    20.695] 	X.Org ANSI C Emulation: 0.4
[    20.695] 	X.Org Video Driver: 24.0
[    20.695] 	X.Org XInput driver : 24.1
[    20.695] 	X.Org Server Extension : 10.0
[    20.696] (++) using VT number 1

[    20.698] (II) systemd-logind: took control of session /org/freedesktop/login1/session/_31
[    20.699] (II) xfree86: Adding drm device (/dev/dri/card0)
[    20.700] (II) systemd-logind: got fd for /dev/dri/card0 226:0 fd 10 paused 0
[    20.706] (--) PCI:*(38@0:0:0) 1002:67df:1682:9480 rev 199, Mem @ 0xe0000000/268435456, 0xf0000000/2097152, 0xfe800000/262144, I/O @ 0x0000d000/256, BIOS @ 0x????????/131072
[    20.706] (WW) Open ACPI failed (/var/run/acpid.socket) (No such file or directory)
[    20.706] (II) LoadModule: "glx"
[    20.707] (II) Loading /usr/lib/xorg/modules/extensions/libglx.so
[    20.714] (II) Module glx: vendor="X.Org Foundation"
[    20.714] 	compiled for 1.20.5, module version = 1.0.0
[    20.714] 	ABI class: X.Org Server Extension, version 10.0
[    20.714] (II) Applying OutputClass "AMDgpu" to /dev/dri/card0
[    20.714] 	loading driver: amdgpu
[    20.714] (==) Matched amdgpu as autoconfigured driver 0
[    20.714] (==) Matched ati as autoconfigured driver 1
[    20.714] (==) Matched modesetting as autoconfigured driver 2
[    20.714] (==) Matched fbdev as autoconfigured driver 3
[    20.714] (==) Matched vesa as autoconfigured driver 4
[    20.714] (==) Assigned the driver to the xf86ConfigLayout
[    20.714] (II) LoadModule: "amdgpu"
[    20.714] (II) Loading /usr/lib/xorg/modules/drivers/amdgpu_drv.so
[    20.716] (II) Module amdgpu: vendor="X.Org Foundation"
[    20.716] 	compiled for 1.20.4, module version = 19.0.1
[    20.716] 	Module class: X.Org Video Driver
[    20.716] 	ABI class: X.Org Video Driver, version 24.0
[    20.716] (II) LoadModule: "ati"
[    20.716] (WW) Warning, couldn't open module ati
[    20.716] (EE) Failed to load module "ati" (module does not exist, 0)
[    20.716] (II) LoadModule: "modesetting"
[    20.716] (II) Loading /usr/lib/xorg/modules/drivers/modesetting_drv.so
[    20.717] (II) Module modesetting: vendor="X.Org Foundation"
[    20.717] 	compiled for 1.20.5, module version = 1.20.5
[    20.717] 	Module class: X.Org Video Driver
[    20.717] 	ABI class: X.Org Video Driver, version 24.0
[    20.717] (II) LoadModule: "fbdev"
[    20.717] (WW) Warning, couldn't open module fbdev
[    20.717] (EE) Failed to load module "fbdev" (module does not exist, 0)
[    20.717] (II) LoadModule: "vesa"
[    20.717] (WW) Warning, couldn't open module vesa
[    20.717] (EE) Failed to load module "vesa" (module does not exist, 0)
[    20.717] (II) AMDGPU: Driver for AMD Radeon:
	All GPUs supported by the amdgpu kernel driver
[    20.717] (II) modesetting: Driver for Modesetting Kernel Drivers: kms
[    20.717] (WW) Falling back to old probe method for modesetting
[    20.717] (WW) VGA arbiter: cannot open kernel arbiter, no multi-card support
[    20.717] (II) AMDGPU(0): Creating default Display subsection in Screen section
	"Default Screen Section" for depth/fbbpp 24/32
[    20.717] (==) AMDGPU(0): Depth 24, (--) framebuffer bpp 32
[    20.717] (II) AMDGPU(0): Pixel depth = 24 bits stored in 4 bytes (32 bpp pixmaps)
[    20.717] (==) AMDGPU(0): Default visual is TrueColor
[    20.717] (==) AMDGPU(0): RGB weight 888
[    20.717] (II) AMDGPU(0): Using 8 bits per RGB (8 bit DAC)
[    20.717] (--) AMDGPU(0): Chipset: "AMD Radeon (TM) RX 480 Graphics" (ChipID = 0x67df)
[    20.717] (II) Loading sub module "fb"
[    20.717] (II) LoadModule: "fb"
[    20.717] (II) Loading /usr/lib/xorg/modules/libfb.so
[    20.718] (II) Module fb: vendor="X.Org Foundation"
[    20.718] 	compiled for 1.20.5, module version = 1.0.0
[    20.718] 	ABI class: X.Org ANSI C Emulation, version 0.4
[    20.718] (II) Loading sub module "dri2"
[    20.718] (II) LoadModule: "dri2"
[    20.718] (II) Module "dri2" already built-in
[    20.890] (II) Loading sub module "glamoregl"
[    20.890] (II) LoadModule: "glamoregl"
[    20.890] (II) Loading /usr/lib/xorg/modules/libglamoregl.so
[    20.895] (II) Module glamoregl: vendor="X.Org Foundation"
[    20.895] 	compiled for 1.20.5, module version = 1.0.1
[    20.895] 	ABI class: X.Org ANSI C Emulation, version 0.4
[    20.911] (II) AMDGPU(0): glamor X acceleration enabled on AMD Radeon (TM) RX 480 Graphics (POLARIS10, DRM 3.33.0, 5.3.1-arch1-1-ARCH, LLVM 8.0.1)
[    20.911] (II) AMDGPU(0): glamor detected, initialising EGL layer.
[    20.911] (==) AMDGPU(0): TearFree property default: auto
[    20.911] (==) AMDGPU(0): VariableRefresh: disabled
[    20.911] (II) AMDGPU(0): KMS Pageflipping: enabled
[    20.911] (II) AMDGPU(0): Output DisplayPort-0 has no monitor section
[    20.911] (II) AMDGPU(0): Output DisplayPort-1 has no monitor section
[    20.911] (II) AMDGPU(0): Output DisplayPort-2 has no monitor section
[    20.911] (II) AMDGPU(0): Output HDMI-A-0 has no monitor section
[    20.911] (II) AMDGPU(0): Output DVI-D-0 has no monitor section
[    20.926] (II) AMDGPU(0): EDID for output DisplayPort-0
[    20.926] (II) AMDGPU(0): EDID for output DisplayPort-1
[    20.926] (II) AMDGPU(0): EDID for output DisplayPort-2
[    20.927] (II) AMDGPU(0): EDID for output HDMI-A-0
[    20.927] (II) AMDGPU(0): Manufacturer: GSM  Model: 76f9  Serial#: 569547
[    20.927] (II) AMDGPU(0): Year: 2017  Week: 8
[    20.927] (II) AMDGPU(0): EDID Version: 1.3
[    20.927] (II) AMDGPU(0): Digital Display Input
[    20.927] (II) AMDGPU(0): Max Image Size [cm]: horiz.: 80  vert.: 34
[    20.927] (II) AMDGPU(0): Gamma: 2.20
[    20.927] (II) AMDGPU(0): DPMS capabilities: StandBy Suspend Off
[    20.927] (II) AMDGPU(0): Supported color encodings: RGB 4:4:4 YCrCb 4:4:4 
[    20.927] (II) AMDGPU(0): First detailed timing is preferred mode
[    20.927] (II) AMDGPU(0): redX: 0.651 redY: 0.332   greenX: 0.307 greenY: 0.631
[    20.927] (II) AMDGPU(0): blueX: 0.150 blueY: 0.060   whiteX: 0.313 whiteY: 0.329
[    20.927] (II) AMDGPU(0): Supported established timings:
[    20.927] (II) AMDGPU(0): 640x480@60Hz
[    20.927] (II) AMDGPU(0): 640x480@75Hz
[    20.927] (II) AMDGPU(0): 800x600@60Hz
[    20.927] (II) AMDGPU(0): 800x600@75Hz
[    20.927] (II) AMDGPU(0): 832x624@75Hz
[    20.927] (II) AMDGPU(0): 1024x768@60Hz
[    20.927] (II) AMDGPU(0): 1024x768@75Hz
[    20.927] (II) AMDGPU(0): 1280x1024@75Hz
[    20.927] (II) AMDGPU(0): 1152x864@75Hz
[    20.927] (II) AMDGPU(0): Manufacturer's mask: 0
[    20.927] (II) AMDGPU(0): Supported standard timings:
[    20.927] (II) AMDGPU(0): #0: hsize: 1152  vsize 864  refresh: 60  vid: 16497
[    20.927] (II) AMDGPU(0): #1: hsize: 1280  vsize 1024  refresh: 60  vid: 32897
[    20.927] (II) AMDGPU(0): #2: hsize: 1280  vsize 720  refresh: 60  vid: 49281
[    20.927] (II) AMDGPU(0): #3: hsize: 1600  vsize 900  refresh: 60  vid: 49321
[    20.927] (II) AMDGPU(0): #4: hsize: 1680  vsize 1050  refresh: 60  vid: 179
[    20.927] (II) AMDGPU(0): #5: hsize: 1920  vsize 1080  refresh: 60  vid: 49361
[    20.927] (II) AMDGPU(0): #6: hsize: 1280  vsize 800  refresh: 60  vid: 129
[    20.927] (II) AMDGPU(0): #7: hsize: 1920  vsize 1080  refresh: 75  vid: 53201
[    20.927] (II) AMDGPU(0): Supported detailed timing:
[    20.927] (II) AMDGPU(0): clock: 181.2 MHz   Image Size:  798 x 334 mm
[    20.927] (II) AMDGPU(0): h_active: 2560  h_sync: 2608  h_sync_end 2640 h_blank_end 2720 h_border: 0
[    20.927] (II) AMDGPU(0): v_active: 1080  v_sync: 1083  v_sync_end 1093 v_blanking: 1111 v_border: 0
[    20.927] (II) AMDGPU(0): Supported detailed timing:
[    20.927] (II) AMDGPU(0): clock: 228.2 MHz   Image Size:  798 x 334 mm
[    20.927] (II) AMDGPU(0): h_active: 2560  h_sync: 2608  h_sync_end 2640 h_blank_end 2720 h_border: 0
[    20.927] (II) AMDGPU(0): v_active: 1080  v_sync: 1083  v_sync_end 1093 v_blanking: 1119 v_border: 0
[    20.927] (II) AMDGPU(0): Ranges: V min: 56 V max: 75 Hz, H min: 30 H max: 90 kHz, PixClock max 245 MHz
[    20.927] (II) AMDGPU(0): Monitor name: LG ULTRAWIDE
[    20.927] (II) AMDGPU(0): Supported detailed timing:
[    20.927] (II) AMDGPU(0): clock: 27.0 MHz   Image Size:  798 x 334 mm
[    20.927] (II) AMDGPU(0): h_active: 720  h_sync: 736  h_sync_end 798 h_blank_end 858 h_border: 0
[    20.927] (II) AMDGPU(0): v_active: 480  v_sync: 489  v_sync_end 495 v_blanking: 525 v_border: 0
[    20.927] (II) AMDGPU(0): Serial No: 708NTCZGR547
[    20.927] (II) AMDGPU(0): Number of EDID sections to follow: 1
[    20.927] (II) AMDGPU(0): EDID (in hex):
[    20.927] (II) AMDGPU(0): 	00ffffffffffff001e6df976cbb00800
[    20.927] (II) AMDGPU(0): 	081b010380502278eaca95a6554ea126
[    20.927] (II) AMDGPU(0): 	0f5054256b807140818081c0a9c0b300
[    20.927] (II) AMDGPU(0): 	d1c08100d1cfcd4600a0a0381f403020
[    20.927] (II) AMDGPU(0): 	3a001e4e3100001a295900a0a0382740
[    20.927] (II) AMDGPU(0): 	30203a001e4e3100001a000000fd0038
[    20.927] (II) AMDGPU(0): 	4b1e5a18000a202020202020000000fc
[    20.927] (II) AMDGPU(0): 	004c4720554c545241574944450a0109
[    20.927] (II) AMDGPU(0): 	02031af12309070747100403011f1312
[    20.927] (II) AMDGPU(0): 	8301000065030c0010008c0ad08a20e0
[    20.927] (II) AMDGPU(0): 	2d10103e96001e4e3100001800000000
[    20.927] (II) AMDGPU(0): 	00000000000000000000000000000000
[    20.927] (II) AMDGPU(0): 	00000000000000000000000000000000
[    20.927] (II) AMDGPU(0): 	00000000000000000000000000000000
[    20.927] (II) AMDGPU(0): 	0000000000ff003730384e54435a4752
[    20.927] (II) AMDGPU(0): 	3534370a000000000000000000000025
[    20.927] (II) AMDGPU(0): Printing probed modes for output HDMI-A-0
[    20.927] (II) AMDGPU(0): Modeline "2560x1080"x60.0  181.25  2560 2608 2640 2720  1080 1083 1093 1111 +hsync -vsync (66.6 kHz eP)
[    20.927] (II) AMDGPU(0): Modeline "2560x1080"x75.0  228.25  2560 2608 2640 2720  1080 1083 1093 1119 +hsync -vsync (83.9 kHz e)
[    20.927] (II) AMDGPU(0): Modeline "1920x1080"x75.0  220.60  1920 2056 2264 2608  1080 1081 1084 1128 -hsync +vsync (84.6 kHz)
[    20.927] (II) AMDGPU(0): Modeline "1920x1080"x60.0  148.50  1920 2008 2052 2200  1080 1084 1089 1125 -hsync -vsync (67.5 kHz e)
[    20.927] (II) AMDGPU(0): Modeline "1920x1080"x60.0  148.50  1920 2008 2052 2200  1080 1084 1089 1125 +hsync +vsync (67.5 kHz e)
[    20.927] (II) AMDGPU(0): Modeline "1920x1080"x50.0  148.50  1920 2448 2492 2640  1080 1084 1089 1125 +hsync +vsync (56.2 kHz e)
[    20.927] (II) AMDGPU(0): Modeline "1920x1080"x59.9  148.35  1920 2008 2052 2200  1080 1084 1089 1125 +hsync +vsync (67.4 kHz e)
[    20.927] (II) AMDGPU(0): Modeline "1680x1050"x59.9  119.00  1680 1728 1760 1840  1050 1053 1059 1080 +hsync -vsync (64.7 kHz e)
[    20.927] (II) AMDGPU(0): Modeline "1600x900"x60.0  108.00  1600 1624 1704 1800  900 901 904 1000 +hsync +vsync (60.0 kHz e)
[    20.927] (II) AMDGPU(0): Modeline "1280x1024"x75.0  135.00  1280 1296 1440 1688  1024 1025 1028 1066 +hsync +vsync (80.0 kHz e)
[    20.927] (II) AMDGPU(0): Modeline "1280x1024"x60.0  108.00  1280 1328 1440 1688  1024 1025 1028 1066 +hsync +vsync (64.0 kHz e)
[    20.927] (II) AMDGPU(0): Modeline "1440x900"x60.0  181.25  1440 2608 2640 2720  900 1083 1093 1111 +hsync -vsync (66.6 kHz e)
[    20.927] (II) AMDGPU(0): Modeline "1280x800"x59.9   71.00  1280 1328 1360 1440  800 803 809 823 +hsync -vsync (49.3 kHz e)
[    20.927] (II) AMDGPU(0): Modeline "1152x864"x75.0  108.00  1152 1216 1344 1600  864 865 868 900 +hsync +vsync (67.5 kHz e)
[    20.927] (II) AMDGPU(0): Modeline "1152x864"x60.0   81.58  1152 1216 1336 1520  864 865 868 895 -hsync +vsync (53.7 kHz)
[    20.927] (II) AMDGPU(0): Modeline "1280x720"x60.0   74.25  1280 1390 1430 1650  720 725 730 750 +hsync +vsync (45.0 kHz e)
[    20.927] (II) AMDGPU(0): Modeline "1280x720"x50.0   74.25  1280 1720 1760 1980  720 725 730 750 +hsync +vsync (37.5 kHz e)
[    20.927] (II) AMDGPU(0): Modeline "1280x720"x59.9   74.18  1280 1390 1430 1650  720 725 730 750 +hsync +vsync (45.0 kHz e)
[    20.927] (II) AMDGPU(0): Modeline "1024x768"x75.0   78.75  1024 1040 1136 1312  768 769 772 800 +hsync +vsync (60.0 kHz e)
[    20.927] (II) AMDGPU(0): Modeline "1024x768"x60.0   65.00  1024 1048 1184 1344  768 771 777 806 -hsync -vsync (48.4 kHz e)
[    20.927] (II) AMDGPU(0): Modeline "832x624"x74.6   57.28  832 864 928 1152  624 625 628 667 -hsync -vsync (49.7 kHz e)
[    20.927] (II) AMDGPU(0): Modeline "800x600"x75.0   49.50  800 816 896 1056  600 601 604 625 +hsync +vsync (46.9 kHz e)
[    20.927] (II) AMDGPU(0): Modeline "800x600"x60.3   40.00  800 840 968 1056  600 601 605 628 +hsync +vsync (37.9 kHz e)
[    20.927] (II) AMDGPU(0): Modeline "720x576"x50.0   27.00  720 732 796 864  576 581 586 625 -hsync -vsync (31.2 kHz e)
[    20.927] (II) AMDGPU(0): Modeline "720x480"x60.0   27.03  720 736 798 858  480 489 495 525 -hsync -vsync (31.5 kHz e)
[    20.927] (II) AMDGPU(0): Modeline "720x480"x59.9   27.00  720 736 798 858  480 489 495 525 -hsync -vsync (31.5 kHz e)
[    20.927] (II) AMDGPU(0): Modeline "640x480"x75.0   31.50  640 656 720 840  480 481 484 500 -hsync -vsync (37.5 kHz e)
[    20.927] (II) AMDGPU(0): Modeline "640x480"x60.0   25.20  640 656 752 800  480 490 492 525 -hsync -vsync (31.5 kHz e)
[    20.927] (II) AMDGPU(0): Modeline "640x480"x59.9   25.18  640 656 752 800  480 490 492 525 -hsync -vsync (31.5 kHz e)
[    20.927] (II) AMDGPU(0): EDID for output DVI-D-0
[    20.927] (II) AMDGPU(0): Output DisplayPort-0 disconnected
[    20.927] (II) AMDGPU(0): Output DisplayPort-1 disconnected
[    20.927] (II) AMDGPU(0): Output DisplayPort-2 disconnected
[    20.927] (II) AMDGPU(0): Output HDMI-A-0 connected
[    20.927] (II) AMDGPU(0): Output DVI-D-0 disconnected
[    20.927] (II) AMDGPU(0): Using exact sizes for initial modes
[    20.927] (II) AMDGPU(0): Output HDMI-A-0 using initial mode 2560x1080 +0+0
[    20.927] (II) AMDGPU(0): mem size init: gart size :1ff972000 vram size: s:1ff044000 visible:f044000
[    20.927] (==) AMDGPU(0): DPI set to (96, 96)
[    20.927] (==) AMDGPU(0): Using gamma correction (1.0, 1.0, 1.0)
[    20.927] (II) Loading sub module "ramdac"
[    20.927] (II) LoadModule: "ramdac"
[    20.927] (II) Module "ramdac" already built-in
[    20.927] (II) UnloadModule: "modesetting"
[    20.927] (II) Unloading modesetting
[    20.927] (II) AMDGPU(0): [DRI2] Setup complete
[    20.927] (II) AMDGPU(0): [DRI2]   DRI driver: radeonsi
[    20.927] (II) AMDGPU(0): [DRI2]   VDPAU driver: radeonsi
[    20.927] (II) AMDGPU(0): Front buffer pitch: 10240 bytes
[    20.928] (II) AMDGPU(0): SYNC extension fences enabled
[    20.928] (II) AMDGPU(0): Present extension enabled
[    20.928] (==) AMDGPU(0): DRI3 enabled
[    20.928] (==) AMDGPU(0): Backing store enabled
[    20.928] (II) AMDGPU(0): Direct rendering enabled
[    20.933] (II) AMDGPU(0): Use GLAMOR acceleration.
[    20.933] (II) AMDGPU(0): Acceleration enabled
[    20.933] (==) AMDGPU(0): DPMS enabled
[    20.933] (==) AMDGPU(0): Silken mouse disabled
[    20.933] (II) AMDGPU(0): Set up textured video (glamor)
[    20.944] (II) Initializing extension Generic Event Extension
[    20.944] (II) Initializing extension SHAPE
[    20.944] (II) Initializing extension MIT-SHM
[    20.944] (II) Initializing extension XInputExtension
[    20.944] (II) Initializing extension XTEST
[    20.944] (II) Initializing extension BIG-REQUESTS
[    20.944] (II) Initializing extension SYNC
[    20.944] (II) Initializing extension XKEYBOARD
[    20.944] (II) Initializing extension XC-MISC
[    20.944] (II) Initializing extension SECURITY
[    20.944] (II) Initializing extension XFIXES
[    20.944] (II) Initializing extension RENDER
[    20.944] (II) Initializing extension RANDR
[    20.944] (II) Initializing extension COMPOSITE
[    20.944] (II) Initializing extension DAMAGE
[    20.944] (II) Initializing extension MIT-SCREEN-SAVER
[    20.944] (II) Initializing extension DOUBLE-BUFFER
[    20.944] (II) Initializing extension RECORD
[    20.944] (II) Initializing extension DPMS
[    20.944] (II) Initializing extension Present
[    20.944] (II) Initializing extension DRI3
[    20.944] (II) Initializing extension X-Resource
[    20.944] (II) Initializing extension XVideo
[    20.944] (II) Initializing extension XVideo-MotionCompensation
[    20.944] (II) Initializing extension GLX
[    20.947] (II) AIGLX: Loaded and initialized radeonsi
[    20.947] (II) GLX: Initialized DRI2 GL provider for screen 0
[    20.947] (II) Initializing extension XFree86-VidModeExtension
[    20.947] (II) Initializing extension XFree86-DGA
[    20.947] (II) Initializing extension XFree86-DRI
[    20.947] (II) Initializing extension DRI2
[    20.948] (II) AMDGPU(0): Setting screen physical size to 677 x 285
[    21.040] (II) config/udev: Adding input device Power Button (/dev/input/event1)
[    21.040] (**) Power Button: Applying InputClass "libinput keyboard catchall"
[    21.040] (II) LoadModule: "libinput"
[    21.040] (II) Loading /usr/lib/xorg/modules/input/libinput_drv.so
[    21.045] (II) Module libinput: vendor="X.Org Foundation"
[    21.045] 	compiled for 1.20.5, module version = 0.29.0
[    21.045] 	Module class: X.Org XInput Driver
[    21.045] 	ABI class: X.Org XInput driver, version 24.1
[    21.045] (II) Using input driver 'libinput' for 'Power Button'
[    21.046] (II) systemd-logind: got fd for /dev/input/event1 13:65 fd 18 paused 0
[    21.046] (**) Power Button: always reports core events
[    21.047] (**) Option "Device" "/dev/input/event1"
[    21.047] (**) Option "_source" "server/udev"
[    21.050] (II) event1  - Power Button: is tagged by udev as: Keyboard
[    21.050] (II) event1  - Power Button: device is a keyboard
[    21.051] (II) event1  - Power Button: device removed
[    21.051] (**) Option "config_info" "udev:/sys/devices/LNXSYSTM:00/LNXPWRBN:00/input/input1/event1"
[    21.051] (II) XINPUT: Adding extended input device "Power Button" (type: KEYBOARD, id 6)
[    21.051] (II) event1  - Power Button: is tagged by udev as: Keyboard
[    21.051] (II) event1  - Power Button: device is a keyboard
[    21.051] (II) config/udev: Adding input device Power Button (/dev/input/event0)
[    21.051] (**) Power Button: Applying InputClass "libinput keyboard catchall"
[    21.051] (II) Using input driver 'libinput' for 'Power Button'
[    21.052] (II) systemd-logind: got fd for /dev/input/event0 13:64 fd 21 paused 0
[    21.052] (**) Power Button: always reports core events
[    21.052] (**) Option "Device" "/dev/input/event0"
[    21.052] (**) Option "_source" "server/udev"
[    21.053] (II) event0  - Power Button: is tagged by udev as: Keyboard
[    21.053] (II) event0  - Power Button: device is a keyboard
[    21.053] (II) event0  - Power Button: device removed
[    21.053] (**) Option "config_info" "udev:/sys/devices/LNXSYSTM:00/LNXSYBUS:00/PNP0C0C:00/input/input0/event0"
[    21.053] (II) XINPUT: Adding extended input device "Power Button" (type: KEYBOARD, id 7)
[    21.053] (II) event0  - Power Button: is tagged by udev as: Keyboard
[    21.053] (II) event0  - Power Button: device is a keyboard
[    21.054] (II) config/udev: Adding input device Logitech USB Receiver (/dev/input/event2)
[    21.054] (**) Logitech USB Receiver: Applying InputClass "libinput pointer catchall"
[    21.054] (II) Using input driver 'libinput' for 'Logitech USB Receiver'
[    21.110] (II) systemd-logind: got fd for /dev/input/event2 13:66 fd 22 paused 0
[    21.110] (**) Logitech USB Receiver: always reports core events
[    21.110] (**) Option "Device" "/dev/input/event2"
[    21.110] (**) Option "_source" "server/udev"
[    21.112] (II) event2  - Logitech USB Receiver: is tagged by udev as: Mouse
[    21.113] (II) event2  - Logitech USB Receiver: device is a pointer
[    21.113] (II) event2  - Logitech USB Receiver: device removed
[    21.113] (**) Option "config_info" "udev:/sys/devices/pci0000:00/0000:00:01.3/0000:03:00.0/usb1/1-1/1-1:1.0/0003:046D:C537.0001/input/input2/event2"
[    21.113] (II) XINPUT: Adding extended input device "Logitech USB Receiver" (type: MOUSE, id 8)
[    21.113] (**) Option "AccelerationScheme" "none"
[    21.113] (**) Logitech USB Receiver: (accel) selected scheme none/0
[    21.113] (**) Logitech USB Receiver: (accel) acceleration factor: 2.000
[    21.113] (**) Logitech USB Receiver: (accel) acceleration threshold: 4
[    21.115] (II) event2  - Logitech USB Receiver: is tagged by udev as: Mouse
[    21.115] (II) event2  - Logitech USB Receiver: device is a pointer
[    21.117] (II) config/udev: Adding input device Logitech USB Receiver (/dev/input/mouse0)
[    21.117] (II) No input driver specified, ignoring this device.
[    21.117] (II) This device may have been added with another device file.
[    21.118] (II) config/udev: Adding input device Logitech USB Receiver Keyboard (/dev/input/event3)
[    21.118] (**) Logitech USB Receiver Keyboard: Applying InputClass "libinput keyboard catchall"
[    21.118] (II) Using input driver 'libinput' for 'Logitech USB Receiver Keyboard'
[    21.119] (II) systemd-logind: got fd for /dev/input/event3 13:67 fd 23 paused 0
[    21.119] (**) Logitech USB Receiver Keyboard: always reports core events
[    21.119] (**) Option "Device" "/dev/input/event3"
[    21.119] (**) Option "_source" "server/udev"
[    21.121] (II) event3  - Logitech USB Receiver Keyboard: is tagged by udev as: Keyboard
[    21.121] (II) event3  - Logitech USB Receiver Keyboard: device is a keyboard
[    21.121] (II) event3  - Logitech USB Receiver Keyboard: device removed
[    21.121] (**) Option "config_info" "udev:/sys/devices/pci0000:00/0000:00:01.3/0000:03:00.0/usb1/1-1/1-1:1.1/0003:046D:C537.0002/input/input3/event3"
[    21.121] (II) XINPUT: Adding extended input device "Logitech USB Receiver Keyboard" (type: KEYBOARD, id 9)
[    21.124] (II) event3  - Logitech USB Receiver Keyboard: is tagged by udev as: Keyboard
[    21.124] (II) event3  - Logitech USB Receiver Keyboard: device is a keyboard
[    21.125] (II) config/udev: Adding input device Logitech USB Receiver Consumer Control (/dev/input/event4)
[    21.125] (**) Logitech USB Receiver Consumer Control: Applying InputClass "libinput keyboard catchall"
[    21.125] (II) Using input driver 'libinput' for 'Logitech USB Receiver Consumer Control'
[    21.126] (II) systemd-logind: got fd for /dev/input/event4 13:68 fd 24 paused 0
[    21.126] (**) Logitech USB Receiver Consumer Control: always reports core events
[    21.127] (**) Option "Device" "/dev/input/event4"
[    21.127] (**) Option "_source" "server/udev"
[    21.129] (II) event4  - Logitech USB Receiver Consumer Control: is tagged by udev as: Keyboard
[    21.129] (II) event4  - Logitech USB Receiver Consumer Control: device is a keyboard
[    21.129] (II) event4  - Logitech USB Receiver Consumer Control: device removed
[    21.129] (II) libinput: Logitech USB Receiver Consumer Control: needs a virtual subdevice
[    21.129] (**) Option "config_info" "udev:/sys/devices/pci0000:00/0000:00:01.3/0000:03:00.0/usb1/1-1/1-1:1.1/0003:046D:C537.0002/input/input4/event4"
[    21.129] (II) XINPUT: Adding extended input device "Logitech USB Receiver Consumer Control" (type: MOUSE, id 10)
[    21.129] (**) Option "AccelerationScheme" "none"
[    21.129] (**) Logitech USB Receiver Consumer Control: (accel) selected scheme none/0
[    21.129] (**) Logitech USB Receiver Consumer Control: (accel) acceleration factor: 2.000
[    21.129] (**) Logitech USB Receiver Consumer Control: (accel) acceleration threshold: 4
[    21.131] (II) event4  - Logitech USB Receiver Consumer Control: is tagged by udev as: Keyboard
[    21.132] (II) event4  - Logitech USB Receiver Consumer Control: device is a keyboard
[    21.133] (II) config/udev: Adding input device Logitech USB Receiver System Control (/dev/input/event5)
[    21.133] (**) Logitech USB Receiver System Control: Applying InputClass "libinput keyboard catchall"
[    21.133] (II) Using input driver 'libinput' for 'Logitech USB Receiver System Control'
[    21.134] (II) systemd-logind: got fd for /dev/input/event5 13:69 fd 25 paused 0
[    21.134] (**) Logitech USB Receiver System Control: always reports core events
[    21.134] (**) Option "Device" "/dev/input/event5"
[    21.134] (**) Option "_source" "server/udev"
[    21.136] (II) event5  - Logitech USB Receiver System Control: is tagged by udev as: Keyboard
[    21.136] (II) event5  - Logitech USB Receiver System Control: device is a keyboard
[    21.136] (II) event5  - Logitech USB Receiver System Control: device removed
[    21.136] (**) Option "config_info" "udev:/sys/devices/pci0000:00/0000:00:01.3/0000:03:00.0/usb1/1-1/1-1:1.1/0003:046D:C537.0002/input/input5/event5"
[    21.136] (II) XINPUT: Adding extended input device "Logitech USB Receiver System Control" (type: KEYBOARD, id 11)
[    21.139] (II) event5  - Logitech USB Receiver System Control: is tagged by udev as: Keyboard
[    21.139] (II) event5  - Logitech USB Receiver System Control: device is a keyboard
[    21.140] (II) config/udev: Adding input device Logitech USB Receiver (/dev/input/event6)
[    21.140] (II) No input driver specified, ignoring this device.
[    21.140] (II) This device may have been added with another device file.
[    21.141] (II) config/udev: Adding input device Burr-Brown from TI               USB Audio CODEC  (/dev/input/event8)
[    21.141] (**) Burr-Brown from TI               USB Audio CODEC : Applying InputClass "libinput keyboard catchall"
[    21.141] (II) Using input driver 'libinput' for 'Burr-Brown from TI               USB Audio CODEC '
[    21.142] (II) systemd-logind: got fd for /dev/input/event8 13:72 fd 26 paused 0
[    21.142] (**) Burr-Brown from TI               USB Audio CODEC : always reports core events
[    21.142] (**) Option "Device" "/dev/input/event8"
[    21.142] (**) Option "_source" "server/udev"
[    21.145] (II) event8  - Burr-Brown from TI               USB Audio CODEC : is tagged by udev as: Keyboard
[    21.145] (II) event8  - Burr-Brown from TI               USB Audio CODEC : device is a keyboard
[    21.145] (II) event8  - Burr-Brown from TI               USB Audio CODEC : device removed
[    21.145] (**) Option "config_info" "udev:/sys/devices/pci0000:00/0000:00:01.3/0000:03:00.0/usb1/1-2/1-2:1.3/0003:08BB:2902.0004/input/input10/event8"
[    21.145] (II) XINPUT: Adding extended input device "Burr-Brown from TI               USB Audio CODEC " (type: KEYBOARD, id 12)
[    21.147] (II) event8  - Burr-Brown from TI               USB Audio CODEC : is tagged by udev as: Keyboard
[    21.148] (II) event8  - Burr-Brown from TI               USB Audio CODEC : device is a keyboard
[    21.149] (II) config/udev: Adding input device Heng Yu Technology Poker II (/dev/input/event9)
[    21.149] (**) Heng Yu Technology Poker II: Applying InputClass "libinput keyboard catchall"
[    21.149] (II) Using input driver 'libinput' for 'Heng Yu Technology Poker II'
[    21.150] (II) systemd-logind: got fd for /dev/input/event9 13:73 fd 27 paused 0
[    21.150] (**) Heng Yu Technology Poker II: always reports core events
[    21.150] (**) Option "Device" "/dev/input/event9"
[    21.150] (**) Option "_source" "server/udev"
[    21.152] (II) event9  - Heng Yu Technology Poker II: is tagged by udev as: Keyboard
[    21.152] (II) event9  - Heng Yu Technology Poker II: device is a keyboard
[    21.153] (II) event9  - Heng Yu Technology Poker II: device removed
[    21.153] (**) Option "config_info" "udev:/sys/devices/pci0000:00/0000:00:01.3/0000:03:00.0/usb1/1-3/1-3:1.0/0003:0F39:0611.0005/input/input11/event9"
[    21.153] (II) XINPUT: Adding extended input device "Heng Yu Technology Poker II" (type: KEYBOARD, id 13)
[    21.155] (II) event9  - Heng Yu Technology Poker II: is tagged by udev as: Keyboard
[    21.155] (II) event9  - Heng Yu Technology Poker II: device is a keyboard
[    21.156] (II) config/udev: Adding input device Heng Yu Technology Poker II System Control (/dev/input/event10)
[    21.157] (**) Heng Yu Technology Poker II System Control: Applying InputClass "libinput keyboard catchall"
[    21.157] (II) Using input driver 'libinput' for 'Heng Yu Technology Poker II System Control'
[    21.158] (II) systemd-logind: got fd for /dev/input/event10 13:74 fd 28 paused 0
[    21.158] (**) Heng Yu Technology Poker II System Control: always reports core events
[    21.158] (**) Option "Device" "/dev/input/event10"
[    21.158] (**) Option "_source" "server/udev"
[    21.160] (II) event10 - Heng Yu Technology Poker II System Control: is tagged by udev as: Keyboard
[    21.160] (II) event10 - Heng Yu Technology Poker II System Control: device is a keyboard
[    21.160] (II) event10 - Heng Yu Technology Poker II System Control: device removed
[    21.160] (**) Option "config_info" "udev:/sys/devices/pci0000:00/0000:00:01.3/0000:03:00.0/usb1/1-3/1-3:1.1/0003:0F39:0611.0006/input/input12/event10"
[    21.160] (II) XINPUT: Adding extended input device "Heng Yu Technology Poker II System Control" (type: KEYBOARD, id 14)
[    21.163] (II) event10 - Heng Yu Technology Poker II System Control: is tagged by udev as: Keyboard
[    21.163] (II) event10 - Heng Yu Technology Poker II System Control: device is a keyboard
[    21.164] (II) config/udev: Adding input device Heng Yu Technology Poker II Consumer Control (/dev/input/event11)
[    21.164] (**) Heng Yu Technology Poker II Consumer Control: Applying InputClass "libinput keyboard catchall"
[    21.164] (II) Using input driver 'libinput' for 'Heng Yu Technology Poker II Consumer Control'
[    21.165] (II) systemd-logind: got fd for /dev/input/event11 13:75 fd 29 paused 0
[    21.165] (**) Heng Yu Technology Poker II Consumer Control: always reports core events
[    21.165] (**) Option "Device" "/dev/input/event11"
[    21.165] (**) Option "_source" "server/udev"
[    21.167] (II) event11 - Heng Yu Technology Poker II Consumer Control: is tagged by udev as: Keyboard
[    21.167] (II) event11 - Heng Yu Technology Poker II Consumer Control: device is a keyboard
[    21.168] (II) event11 - Heng Yu Technology Poker II Consumer Control: device removed
[    21.168] (**) Option "config_info" "udev:/sys/devices/pci0000:00/0000:00:01.3/0000:03:00.0/usb1/1-3/1-3:1.1/0003:0F39:0611.0006/input/input13/event11"
[    21.168] (II) XINPUT: Adding extended input device "Heng Yu Technology Poker II Consumer Control" (type: KEYBOARD, id 15)
[    21.170] (II) event11 - Heng Yu Technology Poker II Consumer Control: is tagged by udev as: Keyboard
[    21.170] (II) event11 - Heng Yu Technology Poker II Consumer Control: device is a keyboard
[    21.171] (II) config/udev: Adding input device HDA ATI HDMI HDMI/DP,pcm=3 (/dev/input/event14)
[    21.171] (II) No input driver specified, ignoring this device.
[    21.171] (II) This device may have been added with another device file.
[    21.172] (II) config/udev: Adding input device HDA ATI HDMI HDMI/DP,pcm=7 (/dev/input/event15)
[    21.172] (II) No input driver specified, ignoring this device.
[    21.172] (II) This device may have been added with another device file.
[    21.172] (II) config/udev: Adding input device HDA ATI HDMI HDMI/DP,pcm=8 (/dev/input/event16)
[    21.172] (II) No input driver specified, ignoring this device.
[    21.172] (II) This device may have been added with another device file.
[    21.173] (II) config/udev: Adding input device HDA ATI HDMI HDMI/DP,pcm=9 (/dev/input/event17)
[    21.173] (II) No input driver specified, ignoring this device.
[    21.173] (II) This device may have been added with another device file.
[    21.174] (II) config/udev: Adding input device HDA ATI HDMI HDMI/DP,pcm=10 (/dev/input/event18)
[    21.174] (II) No input driver specified, ignoring this device.
[    21.174] (II) This device may have been added with another device file.
[    21.174] (II) config/udev: Adding input device HDA ATI HDMI HDMI/DP,pcm=11 (/dev/input/event19)
[    21.174] (II) No input driver specified, ignoring this device.
[    21.174] (II) This device may have been added with another device file.
[    21.175] (II) config/udev: Adding input device PDP Xbox One Controller (/dev/input/event13)
[    21.175] (II) No input driver specified, ignoring this device.
[    21.175] (II) This device may have been added with another device file.
[    21.176] (II) config/udev: Adding input device PDP Xbox One Controller (/dev/input/js0)
[    21.176] (II) No input driver specified, ignoring this device.
[    21.176] (II) This device may have been added with another device file.
[    21.177] (II) config/udev: Adding input device Burr-Brown from TI               USB Audio DAC    (/dev/input/event7)
[    21.177] (**) Burr-Brown from TI               USB Audio DAC   : Applying InputClass "libinput keyboard catchall"
[    21.177] (II) Using input driver 'libinput' for 'Burr-Brown from TI               USB Audio DAC   '
[    21.178] (II) systemd-logind: got fd for /dev/input/event7 13:71 fd 30 paused 0
[    21.178] (**) Burr-Brown from TI               USB Audio DAC   : always reports core events
[    21.178] (**) Option "Device" "/dev/input/event7"
[    21.178] (**) Option "_source" "server/udev"
[    21.181] (II) event7  - Burr-Brown from TI               USB Audio DAC   : is tagged by udev as: Keyboard
[    21.181] (II) event7  - Burr-Brown from TI               USB Audio DAC   : device is a keyboard
[    21.181] (II) event7  - Burr-Brown from TI               USB Audio DAC   : device removed
[    21.181] (**) Option "config_info" "udev:/sys/devices/pci0000:00/0000:00:07.1/0000:27:00.3/usb3/3-4/3-4:1.2/0003:08BB:2704.0003/input/input9/event7"
[    21.181] (II) XINPUT: Adding extended input device "Burr-Brown from TI               USB Audio DAC   " (type: KEYBOARD, id 16)
[    21.183] (II) event7  - Burr-Brown from TI               USB Audio DAC   : is tagged by udev as: Keyboard
[    21.183] (II) event7  - Burr-Brown from TI               USB Audio DAC   : device is a keyboard
[    21.184] (II) config/udev: Adding input device HD-Audio Generic Front Mic (/dev/input/event21)
[    21.184] (II) No input driver specified, ignoring this device.
[    21.184] (II) This device may have been added with another device file.
[    21.185] (II) config/udev: Adding input device HD-Audio Generic Rear Mic (/dev/input/event22)
[    21.185] (II) No input driver specified, ignoring this device.
[    21.185] (II) This device may have been added with another device file.
[    21.185] (II) config/udev: Adding input device HD-Audio Generic Line (/dev/input/event23)
[    21.185] (II) No input driver specified, ignoring this device.
[    21.185] (II) This device may have been added with another device file.
[    21.186] (II) config/udev: Adding input device HD-Audio Generic Line Out Front (/dev/input/event24)
[    21.186] (II) No input driver specified, ignoring this device.
[    21.186] (II) This device may have been added with another device file.
[    21.186] (II) config/udev: Adding input device HD-Audio Generic Line Out Surround (/dev/input/event25)
[    21.186] (II) No input driver specified, ignoring this device.
[    21.186] (II) This device may have been added with another device file.
[    21.187] (II) config/udev: Adding input device HD-Audio Generic Line Out CLFE (/dev/input/event26)
[    21.187] (II) No input driver specified, ignoring this device.
[    21.187] (II) This device may have been added with another device file.
[    21.187] (II) config/udev: Adding input device HD-Audio Generic Front Headphone (/dev/input/event27)
[    21.187] (II) No input driver specified, ignoring this device.
[    21.187] (II) This device may have been added with another device file.
[    21.188] (II) config/udev: Adding input device Eee PC WMI hotkeys (/dev/input/event20)
[    21.188] (**) Eee PC WMI hotkeys: Applying InputClass "libinput keyboard catchall"
[    21.188] (II) Using input driver 'libinput' for 'Eee PC WMI hotkeys'
[    21.189] (II) systemd-logind: got fd for /dev/input/event20 13:84 fd 31 paused 0
[    21.189] (**) Eee PC WMI hotkeys: always reports core events
[    21.189] (**) Option "Device" "/dev/input/event20"
[    21.189] (**) Option "_source" "server/udev"
[    21.190] (II) event20 - Eee PC WMI hotkeys: is tagged by udev as: Keyboard
[    21.190] (II) event20 - Eee PC WMI hotkeys: device is a keyboard
[    21.190] (II) event20 - Eee PC WMI hotkeys: device removed
[    21.190] (**) Option "config_info" "udev:/sys/devices/platform/eeepc-wmi/input/input22/event20"
[    21.190] (II) XINPUT: Adding extended input device "Eee PC WMI hotkeys" (type: KEYBOARD, id 17)
[    21.192] (II) event20 - Eee PC WMI hotkeys: is tagged by udev as: Keyboard
[    21.192] (II) event20 - Eee PC WMI hotkeys: device is a keyboard
[    21.192] (II) config/udev: Adding input device PC Speaker (/dev/input/event12)
[    21.192] (II) No input driver specified, ignoring this device.
[    21.192] (II) This device may have been added with another device file.
[    21.198] (**) Logitech USB Receiver Consumer Control: Applying InputClass "libinput keyboard catchall"
[    21.198] (II) Using input driver 'libinput' for 'Logitech USB Receiver Consumer Control'
[    21.198] (II) systemd-logind: returning pre-existing fd for /dev/input/event4 13:68
[    21.199] (**) Logitech USB Receiver Consumer Control: always reports core events
[    21.199] (**) Option "Device" "/dev/input/event4"
[    21.199] (**) Option "_source" "_driver/libinput"
[    21.199] (II) libinput: Logitech USB Receiver Consumer Control: is a virtual subdevice
[    21.199] (**) Option "config_info" "udev:/sys/devices/pci0000:00/0000:00:01.3/0000:03:00.0/usb1/1-1/1-1:1.1/0003:046D:C537.0002/input/input4/event4"
[    21.199] (II) XINPUT: Adding extended input device "Logitech USB Receiver Consumer Control" (type: KEYBOARD, id 18)
[    21.323] (II) AMDGPU(0): EDID vendor "GSM", prod id 30457
[    21.323] (II) AMDGPU(0): Using EDID range info for horizontal sync
[    21.323] (II) AMDGPU(0): Using EDID range info for vertical refresh
[    21.323] (II) AMDGPU(0): Printing DDC gathered Modelines:
[    21.323] (II) AMDGPU(0): Modeline "2560x1080"x0.0  181.25  2560 2608 2640 2720  1080 1083 1093 1111 +hsync -vsync (66.6 kHz eP)
[    21.323] (II) AMDGPU(0): Modeline "2560x1080"x0.0  228.25  2560 2608 2640 2720  1080 1083 1093 1119 +hsync -vsync (83.9 kHz e)
[    21.323] (II) AMDGPU(0): Modeline "720x480"x0.0   27.00  720 736 798 858  480 489 495 525 -hsync -vsync (31.5 kHz e)
[    21.323] (II) AMDGPU(0): Modeline "1920x1080"x0.0  148.50  1920 2008 2052 2200  1080 1084 1089 1125 +hsync +vsync (67.5 kHz e)
[    21.323] (II) AMDGPU(0): Modeline "1280x720"x0.0   74.25  1280 1390 1430 1650  720 725 730 750 +hsync +vsync (45.0 kHz e)
[    21.323] (II) AMDGPU(0): Modeline "640x480"x0.0   25.18  640 656 752 800  480 490 492 525 -hsync -vsync (31.5 kHz e)
[    21.323] (II) AMDGPU(0): Modeline "1920x1080"x0.0  148.50  1920 2448 2492 2640  1080 1084 1089 1125 +hsync +vsync (56.2 kHz e)
[    21.323] (II) AMDGPU(0): Modeline "1280x720"x0.0   74.25  1280 1720 1760 1980  720 725 730 750 +hsync +vsync (37.5 kHz e)
[    21.323] (II) AMDGPU(0): Modeline "720x576"x0.0   27.00  720 732 796 864  576 581 586 625 -hsync -vsync (31.2 kHz e)
[    21.323] (II) AMDGPU(0): Modeline "800x600"x0.0   40.00  800 840 968 1056  600 601 605 628 +hsync +vsync (37.9 kHz e)
[    21.323] (II) AMDGPU(0): Modeline "640x480"x0.0   31.50  640 656 720 840  480 481 484 500 -hsync -vsync (37.5 kHz e)
[    21.323] (II) AMDGPU(0): Modeline "1280x1024"x0.0  135.00  1280 1296 1440 1688  1024 1025 1028 1066 +hsync +vsync (80.0 kHz e)
[    21.323] (II) AMDGPU(0): Modeline "1024x768"x0.0   78.75  1024 1040 1136 1312  768 769 772 800 +hsync +vsync (60.0 kHz e)
[    21.323] (II) AMDGPU(0): Modeline "1024x768"x0.0   65.00  1024 1048 1184 1344  768 771 777 806 -hsync -vsync (48.4 kHz e)
[    21.323] (II) AMDGPU(0): Modeline "832x624"x0.0   57.28  832 864 928 1152  624 625 628 667 -hsync -vsync (49.7 kHz e)
[    21.323] (II) AMDGPU(0): Modeline "800x600"x0.0   49.50  800 816 896 1056  600 601 604 625 +hsync +vsync (46.9 kHz e)
[    21.323] (II) AMDGPU(0): Modeline "1152x864"x0.0  108.00  1152 1216 1344 1600  864 865 868 900 +hsync +vsync (67.5 kHz e)
[    21.323] (II) AMDGPU(0): Modeline "1152x864"x60.0   81.62  1152 1216 1336 1520  864 865 868 895 -hsync +vsync (53.7 kHz e)
[    21.323] (II) AMDGPU(0): Modeline "1280x1024"x0.0  108.00  1280 1328 1440 1688  1024 1025 1028 1066 +hsync +vsync (64.0 kHz e)
[    21.323] (II) AMDGPU(0): Modeline "1600x900"x60.0  119.00  1600 1696 1864 2128  900 901 904 932 -hsync +vsync (55.9 kHz e)
[    21.323] (II) AMDGPU(0): Modeline "1680x1050"x0.0  119.00  1680 1728 1760 1840  1050 1053 1059 1080 +hsync -vsync (64.7 kHz e)
[    21.323] (II) AMDGPU(0): Modeline "1280x800"x0.0   71.00  1280 1328 1360 1440  800 803 809 823 +hsync -vsync (49.3 kHz e)
[    21.323] (II) AMDGPU(0): Modeline "1920x1080"x75.0  220.64  1920 2056 2264 2608  1080 1081 1084 1128 -hsync +vsync (84.6 kHz e)
[    30.424] (II) AMDGPU(0): EDID vendor "GSM", prod id 30457
[    30.424] (II) AMDGPU(0): Using hsync ranges from config file
[    30.424] (II) AMDGPU(0): Using vrefresh ranges from config file
[    30.424] (II) AMDGPU(0): Printing DDC gathered Modelines:
[    30.424] (II) AMDGPU(0): Modeline "2560x1080"x0.0  181.25  2560 2608 2640 2720  1080 1083 1093 1111 +hsync -vsync (66.6 kHz eP)
[    30.424] (II) AMDGPU(0): Modeline "2560x1080"x0.0  228.25  2560 2608 2640 2720  1080 1083 1093 1119 +hsync -vsync (83.9 kHz e)
[    30.424] (II) AMDGPU(0): Modeline "720x480"x0.0   27.00  720 736 798 858  480 489 495 525 -hsync -vsync (31.5 kHz e)
[    30.424] (II) AMDGPU(0): Modeline "1920x1080"x0.0  148.50  1920 2008 2052 2200  1080 1084 1089 1125 +hsync +vsync (67.5 kHz e)
[    30.424] (II) AMDGPU(0): Modeline "1280x720"x0.0   74.25  1280 1390 1430 1650  720 725 730 750 +hsync +vsync (45.0 kHz e)
[    30.424] (II) AMDGPU(0): Modeline "640x480"x0.0   25.18  640 656 752 800  480 490 492 525 -hsync -vsync (31.5 kHz e)
[    30.424] (II) AMDGPU(0): Modeline "1920x1080"x0.0  148.50  1920 2448 2492 2640  1080 1084 1089 1125 +hsync +vsync (56.2 kHz e)
[    30.424] (II) AMDGPU(0): Modeline "1280x720"x0.0   74.25  1280 1720 1760 1980  720 725 730 750 +hsync +vsync (37.5 kHz e)
[    30.424] (II) AMDGPU(0): Modeline "720x576"x0.0   27.00  720 732 796 864  576 581 586 625 -hsync -vsync (31.2 kHz e)
[    30.424] (II) AMDGPU(0): Modeline "800x600"x0.0   40.00  800 840 968 1056  600 601 605 628 +hsync +vsync (37.9 kHz e)
[    30.424] (II) AMDGPU(0): Modeline "640x480"x0.0   31.50  640 656 720 840  480 481 484 500 -hsync -vsync (37.5 kHz e)
[    30.424] (II) AMDGPU(0): Modeline "1280x1024"x0.0  135.00  1280 1296 1440 1688  1024 1025 1028 1066 +hsync +vsync (80.0 kHz e)
[    30.424] (II) AMDGPU(0): Modeline "1024x768"x0.0   78.75  1024 1040 1136 1312  768 769 772 800 +hsync +vsync (60.0 kHz e)
[    30.424] (II) AMDGPU(0): Modeline "1024x768"x0.0   65.00  1024 1048 1184 1344  768 771 777 806 -hsync -vsync (48.4 kHz e)
[    30.424] (II) AMDGPU(0): Modeline "832x624"x0.0   57.28  832 864 928 1152  624 625 628 667 -hsync -vsync (49.7 kHz e)
[    30.424] (II) AMDGPU(0): Modeline "800x600"x0.0   49.50  800 816 896 1056  600 601 604 625 +hsync +vsync (46.9 kHz e)
[    30.424] (II) AMDGPU(0): Modeline "1152x864"x0.0  108.00  1152 1216 1344 1600  864 865 868 900 +hsync +vsync (67.5 kHz e)
[    30.424] (II) AMDGPU(0): Modeline "1152x864"x60.0   81.62  1152 1216 1336 1520  864 865 868 895 -hsync +vsync (53.7 kHz e)
[    30.424] (II) AMDGPU(0): Modeline "1280x1024"x0.0  108.00  1280 1328 1440 1688  1024 1025 1028 1066 +hsync +vsync (64.0 kHz e)
[    30.424] (II) AMDGPU(0): Modeline "1600x900"x60.0  119.00  1600 1696 1864 2128  900 901 904 932 -hsync +vsync (55.9 kHz e)
[    30.424] (II) AMDGPU(0): Modeline "1680x1050"x0.0  119.00  1680 1728 1760 1840  1050 1053 1059 1080 +hsync -vsync (64.7 kHz e)
[    30.424] (II) AMDGPU(0): Modeline "1280x800"x0.0   71.00  1280 1328 1360 1440  800 803 809 823 +hsync -vsync (49.3 kHz e)
[    30.424] (II) AMDGPU(0): Modeline "1920x1080"x75.0  220.64  1920 2056 2264 2608  1080 1081 1084 1128 -hsync +vsync (84.6 kHz e)
[    40.851] (II) AMDGPU(0): EDID vendor "GSM", prod id 30457
[    40.851] (II) AMDGPU(0): Using hsync ranges from config file
[    40.851] (II) AMDGPU(0): Using vrefresh ranges from config file
[    40.851] (II) AMDGPU(0): Printing DDC gathered Modelines:
[    40.851] (II) AMDGPU(0): Modeline "2560x1080"x0.0  181.25  2560 2608 2640 2720  1080 1083 1093 1111 +hsync -vsync (66.6 kHz eP)
[    40.851] (II) AMDGPU(0): Modeline "2560x1080"x0.0  228.25  2560 2608 2640 2720  1080 1083 1093 1119 +hsync -vsync (83.9 kHz e)
[    40.851] (II) AMDGPU(0): Modeline "720x480"x0.0   27.00  720 736 798 858  480 489 495 525 -hsync -vsync (31.5 kHz e)
[    40.851] (II) AMDGPU(0): Modeline "1920x1080"x0.0  148.50  1920 2008 2052 2200  1080 1084 1089 1125 +hsync +vsync (67.5 kHz e)
[    40.851] (II) AMDGPU(0): Modeline "1280x720"x0.0   74.25  1280 1390 1430 1650  720 725 730 750 +hsync +vsync (45.0 kHz e)
[    40.851] (II) AMDGPU(0): Modeline "640x480"x0.0   25.18  640 656 752 800  480 490 492 525 -hsync -vsync (31.5 kHz e)
[    40.851] (II) AMDGPU(0): Modeline "1920x1080"x0.0  148.50  1920 2448 2492 2640  1080 1084 1089 1125 +hsync +vsync (56.2 kHz e)
[    40.851] (II) AMDGPU(0): Modeline "1280x720"x0.0   74.25  1280 1720 1760 1980  720 725 730 750 +hsync +vsync (37.5 kHz e)
[    40.851] (II) AMDGPU(0): Modeline "720x576"x0.0   27.00  720 732 796 864  576 581 586 625 -hsync -vsync (31.2 kHz e)
[    40.851] (II) AMDGPU(0): Modeline "800x600"x0.0   40.00  800 840 968 1056  600 601 605 628 +hsync +vsync (37.9 kHz e)
[    40.852] (II) AMDGPU(0): Modeline "640x480"x0.0   31.50  640 656 720 840  480 481 484 500 -hsync -vsync (37.5 kHz e)
[    40.852] (II) AMDGPU(0): Modeline "1280x1024"x0.0  135.00  1280 1296 1440 1688  1024 1025 1028 1066 +hsync +vsync (80.0 kHz e)
[    40.852] (II) AMDGPU(0): Modeline "1024x768"x0.0   78.75  1024 1040 1136 1312  768 769 772 800 +hsync +vsync (60.0 kHz e)
[    40.852] (II) AMDGPU(0): Modeline "1024x768"x0.0   65.00  1024 1048 1184 1344  768 771 777 806 -hsync -vsync (48.4 kHz e)
[    40.852] (II) AMDGPU(0): Modeline "832x624"x0.0   57.28  832 864 928 1152  624 625 628 667 -hsync -vsync (49.7 kHz e)
[    40.852] (II) AMDGPU(0): Modeline "800x600"x0.0   49.50  800 816 896 1056  600 601 604 625 +hsync +vsync (46.9 kHz e)
[    40.852] (II) AMDGPU(0): Modeline "1152x864"x0.0  108.00  1152 1216 1344 1600  864 865 868 900 +hsync +vsync (67.5 kHz e)
[    40.852] (II) AMDGPU(0): Modeline "1152x864"x60.0   81.62  1152 1216 1336 1520  864 865 868 895 -hsync +vsync (53.7 kHz e)
[    40.852] (II) AMDGPU(0): Modeline "1280x1024"x0.0  108.00  1280 1328 1440 1688  1024 1025 1028 1066 +hsync +vsync (64.0 kHz e)
[    40.852] (II) AMDGPU(0): Modeline "1600x900"x60.0  119.00  1600 1696 1864 2128  900 901 904 932 -hsync +vsync (55.9 kHz e)
[    40.852] (II) AMDGPU(0): Modeline "1680x1050"x0.0  119.00  1680 1728 1760 1840  1050 1053 1059 1080 +hsync -vsync (64.7 kHz e)
[    40.852] (II) AMDGPU(0): Modeline "1280x800"x0.0   71.00  1280 1328 1360 1440  800 803 809 823 +hsync -vsync (49.3 kHz e)
[    40.852] (II) AMDGPU(0): Modeline "1920x1080"x75.0  220.64  1920 2056 2264 2608  1080 1081 1084 1128 -hsync +vsync (84.6 kHz e)
